<?xml version="1.0" encoding="UTF-8"?>
<!-- Generated by org.testng.reporters.JUnitReportReporter -->
<testsuite hostname="LAPTOP-U7V874M3" failures="0" tests="1" name="day3.CookiesDemo" time="2.045" errors="0" timestamp="17 May 2024 13:55:54 GMT" skipped="0">
  <testcase classname="day3.CookiesDemo" name="GetCookies" time="2.045"/>
</testsuite> <!-- day3.CookiesDemo -->
