<?xml version="1.0" encoding="UTF-8"?>
<!-- Generated by org.testng.reporters.JUnitReportReporter -->
<testsuite hostname="LAPTOP-U7V874M3" failures="0" tests="1" name="day4.ParsingJsonResponse" time="2.789" errors="0" timestamp="18 May 2024 20:00:35 GMT" skipped="0">
  <testcase classname="day4.ParsingJsonResponse" name="testJsonResponse" time="2.789"/>
</testsuite> <!-- day4.ParsingJsonResponse -->
