<?xml version="1.0" encoding="UTF-8"?>
<!-- Generated by org.testng.reporters.JUnitReportReporter -->
<testsuite hostname="LAPTOP-U7V874M3" failures="0" tests="1" name="day3.PathandQueryParameters" time="2.478" errors="0" timestamp="17 May 2024 12:22:56 GMT" skipped="0">
  <testcase classname="day3.PathandQueryParameters" name="testPathandQueryParameters" time="2.478"/>
</testsuite> <!-- day3.PathandQueryParameters -->
