<?xml version="1.0" encoding="UTF-8"?>
<!-- Generated by org.testng.reporters.JUnitReportReporter -->
<testsuite hostname="LAPTOP-U7V874M3" failures="0" tests="1" name="day1.PracticeDay1" time="3.250" errors="0" timestamp="13 May 2024 18:27:51 GMT" skipped="0">
  <testcase classname="day1.PracticeDay1" name="createNewUser" time="3.250"/>
</testsuite> <!-- day1.PracticeDay1 -->
