<?xml version="1.0" encoding="UTF-8"?>
<!-- Generated by org.testng.reporters.JUnitReportReporter -->
<testsuite hostname="LAPTOP-U7V874M3" failures="0" tests="1" name="day3.LoggingDemo" time="2.334" errors="0" timestamp="17 May 2024 15:49:50 GMT" skipped="0">
  <testcase classname="day3.LoggingDemo" name="testlogs" time="2.334"/>
</testsuite> <!-- day3.LoggingDemo -->
