<?xml version="1.0" encoding="UTF-8"?>
<!-- Generated by org.testng.reporters.JUnitReportReporter -->
<testsuite hostname="LAPTOP-U7V874M3" failures="0" tests="1" name="day3.HeadersDemo" time="2.947" errors="0" timestamp="17 May 2024 15:41:46 GMT" skipped="0">
  <testcase classname="day3.HeadersDemo" name="CaptureHeaders" time="2.947"/>
</testsuite> <!-- day3.HeadersDemo -->
