<?xml version="1.0" encoding="UTF-8"?>
<!-- Generated by org.testng.reporters.JUnitReportReporter -->
<testsuite hostname="LAPTOP-U7V874M3" failures="0" tests="1" name="day2.Waysto_create_post_request_body" time="3.969" errors="0" timestamp="14 May 2024 19:13:55 GMT" skipped="0">
  <testcase classname="day2.Waysto_create_post_request_body" name="testPostUsingExternalJsonFile" time="3.969"/>
</testsuite> <!-- day2.Waysto_create_post_request_body -->
