<?xml version="1.0" encoding="UTF-8"?>
<!-- Generated by org.testng.reporters.JUnitReportReporter -->
<testsuite hostname="LAPTOP-U7V874M3" failures="0" tests="4" name="day1.HTTPRequests" time="4.512" errors="0" timestamp="13 May 2024 17:55:36 GMT" skipped="0">
  <testcase classname="day1.HTTPRequests" name="getAllUsers" time="2.820"/>
  <testcase classname="day1.HTTPRequests" name="createUser" time="0.890"/>
  <testcase classname="day1.HTTPRequests" name="updateUser" time="0.424"/>
  <testcase classname="day1.HTTPRequests" name="deleteUser" time="0.378"/>
</testsuite> <!-- day1.HTTPRequests -->
